{"C:\\Users\\User\\Projects\\employee-management-app\\src\\App.tsx": {"path":"C:\\Users\\User\\Projects\\employee-management-app\\src\\App.tsx","statementMap":{"0":{"start":{"line":7,"column":12},"end":{"line":17,"column":1}},"1":{"start":{"line":8,"column":2},"end":{"line":16,"column":4}}},"fnMap":{"0":{"name":"(anonymous_0)","decl":{"start":{"line":7,"column":12},"end":{"line":7,"column":13}},"loc":{"start":{"line":7,"column":18},"end":{"line":17,"column":1}},"line":7}},"branchMap":{},"s":{"0":0,"1":0},"f":{"0":0},"b":{}}
,"C:\\Users\\User\\Projects\\employee-management-app\\src\\main.tsx": {"path":"C:\\Users\\User\\Projects\\employee-management-app\\src\\main.tsx","statementMap":{"0":{"start":{"line":5,"column":20},"end":{"line":5,"column":51}},"1":{"start":{"line":7,"column":0},"end":{"line":9,"column":1}},"2":{"start":{"line":8,"column":2},"end":{"line":8,"column":59}},"3":{"start":{"line":11,"column":0},"end":{"line":15,"column":2}}},"fnMap":{},"branchMap":{"0":{"loc":{"start":{"line":7,"column":0},"end":{"line":9,"column":1}},"type":"if","locations":[{"start":{"line":7,"column":0},"end":{"line":9,"column":1}},{"start":{},"end":{}}],"line":7}},"s":{"0":0,"1":0,"2":0,"3":0},"f":{},"b":{"0":[0,0]}}
,"C:\\Users\\User\\Projects\\employee-management-app\\src\\test-utils.tsx": {"path":"C:\\Users\\User\\Projects\\employee-management-app\\src\\test-utils.tsx","statementMap":{},"fnMap":{},"branchMap":{},"s":{},"f":{},"b":{}}
,"C:\\Users\\User\\Projects\\employee-management-app\\src\\api\\employeeApi.ts": {"path":"C:\\Users\\User\\Projects\\employee-management-app\\src\\api\\employeeApi.ts","statementMap":{"0":{"start":{"line":4,"column":17},"end":{"line":4,"column":46}},"1":{"start":{"line":6,"column":20},"end":{"line":51,"column":1}},"2":{"start":{"line":8,"column":4},"end":{"line":13,"column":5}},"3":{"start":{"line":9,"column":23},"end":{"line":9,"column":91}},"4":{"start":{"line":10,"column":6},"end":{"line":10,"column":27}},"5":{"start":{"line":12,"column":6},"end":{"line":12,"column":51}},"6":{"start":{"line":17,"column":4},"end":{"line":22,"column":5}},"7":{"start":{"line":18,"column":23},"end":{"line":18,"column":99}},"8":{"start":{"line":19,"column":6},"end":{"line":19,"column":27}},"9":{"start":{"line":21,"column":6},"end":{"line":21,"column":59}},"10":{"start":{"line":26,"column":4},"end":{"line":32,"column":5}},"11":{"start":{"line":27,"column":23},"end":{"line":27,"column":74}},"12":{"start":{"line":28,"column":6},"end":{"line":28,"column":27}},"13":{"start":{"line":30,"column":6},"end":{"line":30,"column":35}},"14":{"start":{"line":31,"column":6},"end":{"line":31,"column":48}},"15":{"start":{"line":36,"column":4},"end":{"line":41,"column":5}},"16":{"start":{"line":37,"column":23},"end":{"line":37,"column":91}},"17":{"start":{"line":38,"column":6},"end":{"line":38,"column":27}},"18":{"start":{"line":40,"column":6},"end":{"line":40,"column":51}},"19":{"start":{"line":45,"column":4},"end":{"line":49,"column":5}},"20":{"start":{"line":46,"column":6},"end":{"line":46,"column":68}},"21":{"start":{"line":48,"column":6},"end":{"line":48,"column":56}}},"fnMap":{"0":{"name":"(anonymous_0)","decl":{"start":{"line":7,"column":18},"end":{"line":7,"column":19}},"loc":{"start":{"line":7,"column":57},"end":{"line":14,"column":3}},"line":7},"1":{"name":"(anonymous_1)","decl":{"start":{"line":16,"column":25},"end":{"line":16,"column":26}},"loc":{"start":{"line":16,"column":64},"end":{"line":23,"column":3}},"line":16},"2":{"name":"(anonymous_2)","decl":{"start":{"line":25,"column":15},"end":{"line":25,"column":16}},"loc":{"start":{"line":25,"column":45},"end":{"line":33,"column":3}},"line":25},"3":{"name":"(anonymous_3)","decl":{"start":{"line":35,"column":18},"end":{"line":35,"column":19}},"loc":{"start":{"line":35,"column":48},"end":{"line":42,"column":3}},"line":35},"4":{"name":"(anonymous_4)","decl":{"start":{"line":44,"column":22},"end":{"line":44,"column":23}},"loc":{"start":{"line":44,"column":44},"end":{"line":50,"column":3}},"line":44}},"branchMap":{},"s":{"0":0,"1":0,"2":0,"3":0,"4":0,"5":0,"6":0,"7":0,"8":0,"9":0,"10":0,"11":0,"12":0,"13":0,"14":0,"15":0,"16":0,"17":0,"18":0,"19":0,"20":0,"21":0},"f":{"0":0,"1":0,"2":0,"3":0,"4":0},"b":{}}
,"C:\\Users\\User\\Projects\\employee-management-app\\src\\common\\random-number.helper.ts": {"path":"C:\\Users\\User\\Projects\\employee-management-app\\src\\common\\random-number.helper.ts","statementMap":{"0":{"start":{"line":1,"column":30},"end":{"line":2,"column":51}},"1":{"start":{"line":2,"column":2},"end":{"line":2,"column":51}}},"fnMap":{"0":{"name":"(anonymous_0)","decl":{"start":{"line":1,"column":30},"end":{"line":1,"column":31}},"loc":{"start":{"line":2,"column":2},"end":{"line":2,"column":51}},"line":2}},"branchMap":{},"s":{"0":0,"1":0},"f":{"0":0},"b":{}}
,"C:\\Users\\User\\Projects\\employee-management-app\\src\\common\\request.ts": {"path":"C:\\Users\\User\\Projects\\employee-management-app\\src\\common\\request.ts","statementMap":{"0":{"start":{"line":1,"column":16},"end":{"line":1,"column":49}},"1":{"start":{"line":3,"column":36},"end":{"line":5,"column":1}},"2":{"start":{"line":7,"column":21},"end":{"line":10,"column":38}},"3":{"start":{"line":8,"column":2},"end":{"line":10,"column":38}},"4":{"start":{"line":9,"column":24},"end":{"line":9,"column":39}},"5":{"start":{"line":10,"column":20},"end":{"line":10,"column":37}},"6":{"start":{"line":12,"column":16},"end":{"line":24,"column":1}},"7":{"start":{"line":14,"column":4},"end":{"line":14,"column":76}},"8":{"start":{"line":17,"column":4},"end":{"line":17,"column":79}},"9":{"start":{"line":20,"column":4},"end":{"line":20,"column":83}},"10":{"start":{"line":23,"column":4},"end":{"line":23,"column":82}}},"fnMap":{"0":{"name":"(anonymous_0)","decl":{"start":{"line":7,"column":21},"end":{"line":7,"column":22}},"loc":{"start":{"line":8,"column":2},"end":{"line":10,"column":38}},"line":8},"1":{"name":"(anonymous_1)","decl":{"start":{"line":9,"column":10},"end":{"line":9,"column":11}},"loc":{"start":{"line":9,"column":24},"end":{"line":9,"column":39}},"line":9},"2":{"name":"(anonymous_2)","decl":{"start":{"line":10,"column":10},"end":{"line":10,"column":11}},"loc":{"start":{"line":10,"column":20},"end":{"line":10,"column":37}},"line":10},"3":{"name":"(anonymous_3)","decl":{"start":{"line":13,"column":7},"end":{"line":13,"column":8}},"loc":{"start":{"line":14,"column":4},"end":{"line":14,"column":76}},"line":14},"4":{"name":"(anonymous_4)","decl":{"start":{"line":16,"column":10},"end":{"line":16,"column":11}},"loc":{"start":{"line":17,"column":4},"end":{"line":17,"column":79}},"line":17},"5":{"name":"(anonymous_5)","decl":{"start":{"line":19,"column":8},"end":{"line":19,"column":9}},"loc":{"start":{"line":20,"column":4},"end":{"line":20,"column":83}},"line":20},"6":{"name":"(anonymous_6)","decl":{"start":{"line":22,"column":7},"end":{"line":22,"column":8}},"loc":{"start":{"line":23,"column":4},"end":{"line":23,"column":82}},"line":23}},"branchMap":{"0":{"loc":{"start":{"line":7,"column":46},"end":{"line":7,"column":70}},"type":"default-arg","locations":[{"start":{"line":7,"column":68},"end":{"line":7,"column":70}}],"line":7}},"s":{"0":0,"1":0,"2":0,"3":0,"4":0,"5":0,"6":0,"7":0,"8":0,"9":0,"10":0},"f":{"0":0,"1":0,"2":0,"3":0,"4":0,"5":0,"6":0},"b":{"0":[0]}}
,"C:\\Users\\User\\Projects\\employee-management-app\\src\\components\\employee\\EmployeeForm.tsx": {"path":"C:\\Users\\User\\Projects\\employee-management-app\\src\\components\\employee\\EmployeeForm.tsx","statementMap":{"0":{"start":{"line":20,"column":50},"end":{"line":80,"column":1}},"1":{"start":{"line":21,"column":53},"end":{"line":21,"column":73}},"2":{"start":{"line":23,"column":19},"end":{"line":23,"column":36}},"3":{"start":{"line":24,"column":21},"end":{"line":24,"column":69}},"4":{"start":{"line":25,"column":20},"end":{"line":25,"column":83}},"5":{"start":{"line":28,"column":4},"end":{"line":41,"column":18}},"6":{"start":{"line":43,"column":23},"end":{"line":46,"column":3}},"7":{"start":{"line":44,"column":4},"end":{"line":44,"column":71}},"8":{"start":{"line":45,"column":4},"end":{"line":45,"column":14}},"9":{"start":{"line":48,"column":2},"end":{"line":79,"column":4}},"10":{"start":{"line":68,"column":14},"end":{"line":68,"column":82}}},"fnMap":{"0":{"name":"(anonymous_0)","decl":{"start":{"line":20,"column":50},"end":{"line":20,"column":51}},"loc":{"start":{"line":20,"column":90},"end":{"line":80,"column":1}},"line":20},"1":{"name":"(anonymous_1)","decl":{"start":{"line":43,"column":23},"end":{"line":43,"column":24}},"loc":{"start":{"line":43,"column":45},"end":{"line":46,"column":3}},"line":43},"2":{"name":"(anonymous_2)","decl":{"start":{"line":67,"column":27},"end":{"line":67,"column":28}},"loc":{"start":{"line":68,"column":14},"end":{"line":68,"column":82}},"line":68}},"branchMap":{"0":{"loc":{"start":{"line":24,"column":21},"end":{"line":24,"column":69}},"type":"cond-expr","locations":[{"start":{"line":24,"column":32},"end":{"line":24,"column":50}},{"start":{"line":24,"column":53},"end":{"line":24,"column":69}}],"line":24},"1":{"loc":{"start":{"line":25,"column":20},"end":{"line":25,"column":83}},"type":"cond-expr","locations":[{"start":{"line":25,"column":31},"end":{"line":25,"column":57}},{"start":{"line":25,"column":60},"end":{"line":25,"column":83}}],"line":25},"2":{"loc":{"start":{"line":28,"column":4},"end":{"line":41,"column":18}},"type":"binary-expr","locations":[{"start":{"line":28,"column":4},"end":{"line":28,"column":19}},{"start":{"line":29,"column":5},"end":{"line":41,"column":17}}],"line":28},"3":{"loc":{"start":{"line":44,"column":4},"end":{"line":44,"column":70}},"type":"cond-expr","locations":[{"start":{"line":44,"column":15},"end":{"line":44,"column":45}},{"start":{"line":44,"column":48},"end":{"line":44,"column":70}}],"line":44}},"s":{"0":0,"1":0,"2":0,"3":0,"4":0,"5":0,"6":0,"7":0,"8":0,"9":0,"10":0},"f":{"0":0,"1":0,"2":0},"b":{"0":[0,0],"1":[0,0],"2":[0,0],"3":[0,0]}}
,"C:\\Users\\User\\Projects\\employee-management-app\\src\\components\\employee\\EmployeeGridItem.tsx": {"path":"C:\\Users\\User\\Projects\\employee-management-app\\src\\components\\employee\\EmployeeGridItem.tsx","statementMap":{"0":{"start":{"line":12,"column":25},"end":{"line":19,"column":1}},"1":{"start":{"line":13,"column":2},"end":{"line":18,"column":4}}},"fnMap":{"0":{"name":"(anonymous_0)","decl":{"start":{"line":12,"column":25},"end":{"line":12,"column":26}},"loc":{"start":{"line":12,"column":73},"end":{"line":19,"column":1}},"line":12}},"branchMap":{"0":{"loc":{"start":{"line":12,"column":41},"end":{"line":12,"column":48}},"type":"default-arg","locations":[{"start":{"line":12,"column":46},"end":{"line":12,"column":48}}],"line":12}},"s":{"0":1,"1":1},"f":{"0":1},"b":{"0":[1]},"_coverageSchema":"1a1c01bbd47fc00a2c39e90264f33305004495a9","hash":"957f731e3c80fbd0b6ac663965ca9b2188a32296"}
,"C:\\Users\\User\\Projects\\employee-management-app\\src\\components\\employee\\EmployeeList.tsx": {"path":"C:\\Users\\User\\Projects\\employee-management-app\\src\\components\\employee\\EmployeeList.tsx","statementMap":{"0":{"start":{"line":28,"column":21},"end":{"line":107,"column":1}},"1":{"start":{"line":29,"column":29},"end":{"line":29,"column":49}},"2":{"start":{"line":30,"column":48},"end":{"line":33,"column":4}},"3":{"start":{"line":34,"column":32},"end":{"line":34,"column":63}},"4":{"start":{"line":35,"column":50},"end":{"line":35,"column":81}},"5":{"start":{"line":37,"column":2},"end":{"line":55,"column":9}},"6":{"start":{"line":38,"column":4},"end":{"line":54,"column":5}},"7":{"start":{"line":39,"column":6},"end":{"line":53,"column":9}},"8":{"start":{"line":45,"column":34},"end":{"line":45,"column":67}},"9":{"start":{"line":51,"column":34},"end":{"line":51,"column":68}},"10":{"start":{"line":57,"column":22},"end":{"line":57,"column":53}},"11":{"start":{"line":57,"column":28},"end":{"line":57,"column":53}},"12":{"start":{"line":58,"column":21},"end":{"line":58,"column":74}},"13":{"start":{"line":58,"column":45},"end":{"line":58,"column":74}},"14":{"start":{"line":60,"column":27},"end":{"line":63,"column":3}},"15":{"start":{"line":61,"column":4},"end":{"line":61,"column":65}},"16":{"start":{"line":62,"column":4},"end":{"line":62,"column":40}},"17":{"start":{"line":65,"column":23},"end":{"line":69,"column":3}},"18":{"start":{"line":66,"column":4},"end":{"line":68,"column":17}},"19":{"start":{"line":66,"column":31},"end":{"line":66,"column":49}},"20":{"start":{"line":71,"column":21},"end":{"line":75,"column":3}},"21":{"start":{"line":72,"column":4},"end":{"line":74,"column":17}},"22":{"start":{"line":72,"column":31},"end":{"line":72,"column":51}},"23":{"start":{"line":77,"column":2},"end":{"line":106,"column":4}},"24":{"start":{"line":89,"column":33},"end":{"line":89,"column":40}}},"fnMap":{"0":{"name":"(anonymous_0)","decl":{"start":{"line":28,"column":21},"end":{"line":28,"column":22}},"loc":{"start":{"line":28,"column":99},"end":{"line":107,"column":1}},"line":28},"1":{"name":"(anonymous_1)","decl":{"start":{"line":37,"column":12},"end":{"line":37,"column":13}},"loc":{"start":{"line":37,"column":18},"end":{"line":55,"column":3}},"line":37},"2":{"name":"(anonymous_2)","decl":{"start":{"line":45,"column":22},"end":{"line":45,"column":23}},"loc":{"start":{"line":45,"column":34},"end":{"line":45,"column":67}},"line":45},"3":{"name":"(anonymous_3)","decl":{"start":{"line":51,"column":22},"end":{"line":51,"column":23}},"loc":{"start":{"line":51,"column":34},"end":{"line":51,"column":68}},"line":51},"4":{"name":"(anonymous_4)","decl":{"start":{"line":57,"column":22},"end":{"line":57,"column":23}},"loc":{"start":{"line":57,"column":28},"end":{"line":57,"column":53}},"line":57},"5":{"name":"(anonymous_5)","decl":{"start":{"line":58,"column":21},"end":{"line":58,"column":22}},"loc":{"start":{"line":58,"column":45},"end":{"line":58,"column":74}},"line":58},"6":{"name":"(anonymous_6)","decl":{"start":{"line":60,"column":27},"end":{"line":60,"column":28}},"loc":{"start":{"line":60,"column":65},"end":{"line":63,"column":3}},"line":60},"7":{"name":"(anonymous_7)","decl":{"start":{"line":65,"column":23},"end":{"line":65,"column":24}},"loc":{"start":{"line":66,"column":4},"end":{"line":68,"column":17}},"line":66},"8":{"name":"(anonymous_8)","decl":{"start":{"line":66,"column":25},"end":{"line":66,"column":26}},"loc":{"start":{"line":66,"column":31},"end":{"line":66,"column":49}},"line":66},"9":{"name":"(anonymous_9)","decl":{"start":{"line":71,"column":21},"end":{"line":71,"column":22}},"loc":{"start":{"line":72,"column":4},"end":{"line":74,"column":17}},"line":72},"10":{"name":"(anonymous_10)","decl":{"start":{"line":72,"column":25},"end":{"line":72,"column":26}},"loc":{"start":{"line":72,"column":31},"end":{"line":72,"column":51}},"line":72},"11":{"name":"(anonymous_11)","decl":{"start":{"line":89,"column":24},"end":{"line":89,"column":25}},"loc":{"start":{"line":89,"column":33},"end":{"line":89,"column":40}},"line":89}},"branchMap":{"0":{"loc":{"start":{"line":38,"column":4},"end":{"line":54,"column":5}},"type":"if","locations":[{"start":{"line":38,"column":4},"end":{"line":54,"column":5}},{"start":{},"end":{}}],"line":38},"1":{"loc":{"start":{"line":82,"column":13},"end":{"line":82,"column":79}},"type":"cond-expr","locations":[{"start":{"line":82,"column":23},"end":{"line":82,"column":50}},{"start":{"line":82,"column":53},"end":{"line":82,"column":79}}],"line":82},"2":{"loc":{"start":{"line":86,"column":11},"end":{"line":99,"column":18}},"type":"cond-expr","locations":[{"start":{"line":87,"column":12},"end":{"line":98,"column":14}},{"start":{"line":99,"column":14},"end":{"line":99,"column":18}}],"line":86},"3":{"loc":{"start":{"line":88,"column":20},"end":{"line":88,"column":41}},"type":"binary-expr","locations":[{"start":{"line":88,"column":20},"end":{"line":88,"column":35}},{"start":{"line":88,"column":39},"end":{"line":88,"column":41}}],"line":88},"4":{"loc":{"start":{"line":102,"column":7},"end":{"line":104,"column":7}},"type":"binary-expr","locations":[{"start":{"line":102,"column":7},"end":{"line":102,"column":23}},{"start":{"line":103,"column":8},"end":{"line":103,"column":93}}],"line":102}},"s":{"0":0,"1":0,"2":0,"3":0,"4":0,"5":0,"6":0,"7":0,"8":0,"9":0,"10":0,"11":0,"12":0,"13":0,"14":0,"15":0,"16":0,"17":0,"18":0,"19":0,"20":0,"21":0,"22":0,"23":0,"24":0},"f":{"0":0,"1":0,"2":0,"3":0,"4":0,"5":0,"6":0,"7":0,"8":0,"9":0,"10":0,"11":0},"b":{"0":[0,0],"1":[0,0],"2":[0,0],"3":[0,0],"4":[0,0]}}
,"C:\\Users\\User\\Projects\\employee-management-app\\src\\components\\employee\\config\\columns.tsx": {"path":"C:\\Users\\User\\Projects\\employee-management-app\\src\\components\\employee\\config\\columns.tsx","statementMap":{"0":{"start":{"line":3,"column":46},"end":{"line":33,"column":1}},"1":{"start":{"line":10,"column":29},"end":{"line":10,"column":58}},"2":{"start":{"line":16,"column":29},"end":{"line":16,"column":61}},"3":{"start":{"line":22,"column":29},"end":{"line":22,"column":66}},"4":{"start":{"line":28,"column":29},"end":{"line":28,"column":66}}},"fnMap":{"0":{"name":"(anonymous_0)","decl":{"start":{"line":10,"column":17},"end":{"line":10,"column":18}},"loc":{"start":{"line":10,"column":29},"end":{"line":10,"column":58}},"line":10},"1":{"name":"(anonymous_1)","decl":{"start":{"line":16,"column":17},"end":{"line":16,"column":18}},"loc":{"start":{"line":16,"column":29},"end":{"line":16,"column":61}},"line":16},"2":{"name":"(anonymous_2)","decl":{"start":{"line":22,"column":17},"end":{"line":22,"column":18}},"loc":{"start":{"line":22,"column":29},"end":{"line":22,"column":66}},"line":22},"3":{"name":"(anonymous_3)","decl":{"start":{"line":28,"column":17},"end":{"line":28,"column":18}},"loc":{"start":{"line":28,"column":29},"end":{"line":28,"column":66}},"line":28}},"branchMap":{},"s":{"0":0,"1":0,"2":0,"3":0,"4":0},"f":{"0":0,"1":0,"2":0,"3":0},"b":{}}
,"C:\\Users\\User\\Projects\\employee-management-app\\src\\components\\employee\\config\\employeeFormConfig.ts": {"path":"C:\\Users\\User\\Projects\\employee-management-app\\src\\components\\employee\\config\\employeeFormConfig.ts","statementMap":{"0":{"start":{"line":1,"column":25},"end":{"line":11,"column":1}}},"fnMap":{},"branchMap":{},"s":{"0":0},"f":{},"b":{}}
,"C:\\Users\\User\\Projects\\employee-management-app\\src\\components\\shared\\constants\\index.ts": {"path":"C:\\Users\\User\\Projects\\employee-management-app\\src\\components\\shared\\constants\\index.ts","statementMap":{"0":{"start":{"line":1,"column":27},"end":{"line":4,"column":1}},"1":{"start":{"line":6,"column":26},"end":{"line":9,"column":1}},"2":{"start":{"line":11,"column":35},"end":{"line":14,"column":1}}},"fnMap":{},"branchMap":{},"s":{"0":0,"1":0,"2":0},"f":{},"b":{}}
,"C:\\Users\\User\\Projects\\employee-management-app\\src\\components\\shared\\errorMessage\\index.tsx": {"path":"C:\\Users\\User\\Projects\\employee-management-app\\src\\components\\shared\\errorMessage\\index.tsx","statementMap":{"0":{"start":{"line":9,"column":21},"end":{"line":11,"column":1}},"1":{"start":{"line":10,"column":2},"end":{"line":10,"column":86}}},"fnMap":{"0":{"name":"(anonymous_0)","decl":{"start":{"line":9,"column":21},"end":{"line":9,"column":22}},"loc":{"start":{"line":9,"column":54},"end":{"line":11,"column":1}},"line":9}},"branchMap":{},"s":{"0":1,"1":1},"f":{"0":1},"b":{},"_coverageSchema":"1a1c01bbd47fc00a2c39e90264f33305004495a9","hash":"8fe33cfd05546ee0a43c01184a42b63b951fb9b3"}
,"C:\\Users\\User\\Projects\\employee-management-app\\src\\components\\shared\\field\\index.tsx": {"path":"C:\\Users\\User\\Projects\\employee-management-app\\src\\components\\shared\\field\\index.tsx","statementMap":{"0":{"start":{"line":10,"column":14},"end":{"line":12,"column":1}},"1":{"start":{"line":11,"column":2},"end":{"line":11,"column":76}}},"fnMap":{"0":{"name":"(anonymous_0)","decl":{"start":{"line":10,"column":14},"end":{"line":10,"column":15}},"loc":{"start":{"line":10,"column":48},"end":{"line":12,"column":1}},"line":10}},"branchMap":{},"s":{"0":1,"1":1},"f":{"0":1},"b":{},"_coverageSchema":"1a1c01bbd47fc00a2c39e90264f33305004495a9","hash":"929562bd75c8e8b330d714978ebfc89ab4b3aaff"}
,"C:\\Users\\User\\Projects\\employee-management-app\\src\\hooks\\reduxHooks.ts": {"path":"C:\\Users\\User\\Projects\\employee-management-app\\src\\hooks\\reduxHooks.ts","statementMap":{"0":{"start":{"line":4,"column":49},"end":{"line":4,"column":60}},"1":{"start":{"line":5,"column":63},"end":{"line":5,"column":74}}},"fnMap":{},"branchMap":{},"s":{"0":0,"1":0},"f":{},"b":{}}
,"C:\\Users\\User\\Projects\\employee-management-app\\src\\hooks\\useEmployeeActions.ts": {"path":"C:\\Users\\User\\Projects\\employee-management-app\\src\\hooks\\useEmployeeActions.ts","statementMap":{"0":{"start":{"line":11,"column":27},"end":{"line":41,"column":1}},"1":{"start":{"line":12,"column":19},"end":{"line":12,"column":35}},"2":{"start":{"line":14,"column":28},"end":{"line":16,"column":3}},"3":{"start":{"line":15,"column":4},"end":{"line":15,"column":42}},"4":{"start":{"line":18,"column":35},"end":{"line":20,"column":3}},"5":{"start":{"line":19,"column":4},"end":{"line":19,"column":49}},"6":{"start":{"line":22,"column":25},"end":{"line":24,"column":3}},"7":{"start":{"line":23,"column":4},"end":{"line":23,"column":36}},"8":{"start":{"line":26,"column":33},"end":{"line":28,"column":3}},"9":{"start":{"line":27,"column":4},"end":{"line":27,"column":39}},"10":{"start":{"line":30,"column":25},"end":{"line":32,"column":3}},"11":{"start":{"line":31,"column":4},"end":{"line":31,"column":37}},"12":{"start":{"line":34,"column":2},"end":{"line":40,"column":4}}},"fnMap":{"0":{"name":"(anonymous_0)","decl":{"start":{"line":11,"column":27},"end":{"line":11,"column":28}},"loc":{"start":{"line":11,"column":33},"end":{"line":41,"column":1}},"line":11},"1":{"name":"(anonymous_1)","decl":{"start":{"line":14,"column":28},"end":{"line":14,"column":29}},"loc":{"start":{"line":14,"column":61},"end":{"line":16,"column":3}},"line":14},"2":{"name":"(anonymous_2)","decl":{"start":{"line":18,"column":35},"end":{"line":18,"column":36}},"loc":{"start":{"line":18,"column":68},"end":{"line":20,"column":3}},"line":18},"3":{"name":"(anonymous_3)","decl":{"start":{"line":22,"column":25},"end":{"line":22,"column":26}},"loc":{"start":{"line":22,"column":49},"end":{"line":24,"column":3}},"line":22},"4":{"name":"(anonymous_4)","decl":{"start":{"line":26,"column":33},"end":{"line":26,"column":34}},"loc":{"start":{"line":26,"column":57},"end":{"line":28,"column":3}},"line":26},"5":{"name":"(anonymous_5)","decl":{"start":{"line":30,"column":25},"end":{"line":30,"column":26}},"loc":{"start":{"line":30,"column":41},"end":{"line":32,"column":3}},"line":30}},"branchMap":{},"s":{"0":0,"1":0,"2":0,"3":0,"4":0,"5":0,"6":0,"7":0,"8":0,"9":0,"10":0,"11":0,"12":0},"f":{"0":0,"1":0,"2":0,"3":0,"4":0,"5":0},"b":{}}
,"C:\\Users\\User\\Projects\\employee-management-app\\src\\routes\\EmployeesList\\constants.ts": {"path":"C:\\Users\\User\\Projects\\employee-management-app\\src\\routes\\EmployeesList\\constants.ts","statementMap":{"0":{"start":{"line":1,"column":20},"end":{"line":1,"column":21}},"1":{"start":{"line":2,"column":20},"end":{"line":2,"column":21}},"2":{"start":{"line":3,"column":28},"end":{"line":3,"column":29}},"3":{"start":{"line":4,"column":34},"end":{"line":4,"column":38}}},"fnMap":{},"branchMap":{},"s":{"0":0,"1":0,"2":0,"3":0},"f":{},"b":{}}
,"C:\\Users\\User\\Projects\\employee-management-app\\src\\routes\\EmployeesList\\index.tsx": {"path":"C:\\Users\\User\\Projects\\employee-management-app\\src\\routes\\EmployeesList\\index.tsx","statementMap":{"0":{"start":{"line":14,"column":22},"end":{"line":88,"column":1}},"1":{"start":{"line":15,"column":58},"end":{"line":15,"column":78}},"2":{"start":{"line":16,"column":46},"end":{"line":16,"column":61}},"3":{"start":{"line":17,"column":38},"end":{"line":17,"column":53}},"4":{"start":{"line":19,"column":31},"end":{"line":19,"column":93}},"5":{"start":{"line":19,"column":65},"end":{"line":19,"column":92}},"6":{"start":{"line":21,"column":38},"end":{"line":23,"column":3}},"7":{"start":{"line":22,"column":26},"end":{"line":22,"column":61}},"8":{"start":{"line":25,"column":31},"end":{"line":27,"column":3}},"9":{"start":{"line":26,"column":26},"end":{"line":26,"column":68}},"10":{"start":{"line":29,"column":2},"end":{"line":32,"column":9}},"11":{"start":{"line":30,"column":4},"end":{"line":30,"column":34}},"12":{"start":{"line":31,"column":4},"end":{"line":31,"column":41}},"13":{"start":{"line":34,"column":2},"end":{"line":36,"column":14}},"14":{"start":{"line":35,"column":4},"end":{"line":35,"column":39}},"15":{"start":{"line":35,"column":15},"end":{"line":35,"column":39}},"16":{"start":{"line":38,"column":22},"end":{"line":38,"column":48}},"17":{"start":{"line":38,"column":28},"end":{"line":38,"column":48}},"18":{"start":{"line":39,"column":30},"end":{"line":39,"column":60}},"19":{"start":{"line":39,"column":36},"end":{"line":39,"column":60}},"20":{"start":{"line":40,"column":35},"end":{"line":40,"column":71}},"21":{"start":{"line":40,"column":41},"end":{"line":40,"column":71}},"22":{"start":{"line":40,"column":65},"end":{"line":40,"column":70}},"23":{"start":{"line":42,"column":2},"end":{"line":87,"column":4}}},"fnMap":{"0":{"name":"(anonymous_0)","decl":{"start":{"line":14,"column":22},"end":{"line":14,"column":23}},"loc":{"start":{"line":14,"column":28},"end":{"line":88,"column":1}},"line":14},"1":{"name":"(anonymous_1)","decl":{"start":{"line":19,"column":43},"end":{"line":19,"column":44}},"loc":{"start":{"line":19,"column":65},"end":{"line":19,"column":92}},"line":19},"2":{"name":"(anonymous_2)","decl":{"start":{"line":22,"column":4},"end":{"line":22,"column":5}},"loc":{"start":{"line":22,"column":26},"end":{"line":22,"column":61}},"line":22},"3":{"name":"(anonymous_3)","decl":{"start":{"line":26,"column":4},"end":{"line":26,"column":5}},"loc":{"start":{"line":26,"column":26},"end":{"line":26,"column":68}},"line":26},"4":{"name":"(anonymous_4)","decl":{"start":{"line":29,"column":12},"end":{"line":29,"column":13}},"loc":{"start":{"line":29,"column":18},"end":{"line":32,"column":3}},"line":29},"5":{"name":"(anonymous_5)","decl":{"start":{"line":34,"column":12},"end":{"line":34,"column":13}},"loc":{"start":{"line":34,"column":18},"end":{"line":36,"column":3}},"line":34},"6":{"name":"(anonymous_6)","decl":{"start":{"line":38,"column":22},"end":{"line":38,"column":23}},"loc":{"start":{"line":38,"column":28},"end":{"line":38,"column":48}},"line":38},"7":{"name":"(anonymous_7)","decl":{"start":{"line":39,"column":30},"end":{"line":39,"column":31}},"loc":{"start":{"line":39,"column":36},"end":{"line":39,"column":60}},"line":39},"8":{"name":"(anonymous_8)","decl":{"start":{"line":40,"column":35},"end":{"line":40,"column":36}},"loc":{"start":{"line":40,"column":41},"end":{"line":40,"column":71}},"line":40},"9":{"name":"(anonymous_9)","decl":{"start":{"line":40,"column":55},"end":{"line":40,"column":56}},"loc":{"start":{"line":40,"column":65},"end":{"line":40,"column":70}},"line":40}},"branchMap":{"0":{"loc":{"start":{"line":35,"column":4},"end":{"line":35,"column":39}},"type":"if","locations":[{"start":{"line":35,"column":4},"end":{"line":35,"column":39}},{"start":{},"end":{}}],"line":35},"1":{"loc":{"start":{"line":52,"column":11},"end":{"line":61,"column":18}},"type":"cond-expr","locations":[{"start":{"line":53,"column":12},"end":{"line":60,"column":14}},{"start":{"line":61,"column":14},"end":{"line":61,"column":18}}],"line":52},"2":{"loc":{"start":{"line":64,"column":11},"end":{"line":73,"column":18}},"type":"cond-expr","locations":[{"start":{"line":65,"column":12},"end":{"line":72,"column":14}},{"start":{"line":73,"column":14},"end":{"line":73,"column":18}}],"line":64}},"s":{"0":0,"1":0,"2":0,"3":0,"4":0,"5":0,"6":0,"7":0,"8":0,"9":0,"10":0,"11":0,"12":0,"13":0,"14":0,"15":0,"16":0,"17":0,"18":0,"19":0,"20":0,"21":0,"22":0,"23":0},"f":{"0":0,"1":0,"2":0,"3":0,"4":0,"5":0,"6":0,"7":0,"8":0,"9":0},"b":{"0":[0,0],"1":[0,0],"2":[0,0]}}
,"C:\\Users\\User\\Projects\\employee-management-app\\src\\store\\store.ts": {"path":"C:\\Users\\User\\Projects\\employee-management-app\\src\\store\\store.ts","statementMap":{"0":{"start":{"line":4,"column":20},"end":{"line":6,"column":2}},"1":{"start":{"line":8,"column":14},"end":{"line":10,"column":2}}},"fnMap":{},"branchMap":{},"s":{"0":0,"1":0},"f":{},"b":{}}
,"C:\\Users\\User\\Projects\\employee-management-app\\src\\store\\actions\\apiError.ts": {"path":"C:\\Users\\User\\Projects\\employee-management-app\\src\\store\\actions\\apiError.ts","statementMap":{"0":{"start":{"line":3,"column":24},"end":{"line":6,"column":2}},"1":{"start":{"line":3,"column":51},"end":{"line":6,"column":1}}},"fnMap":{"0":{"name":"(anonymous_0)","decl":{"start":{"line":3,"column":24},"end":{"line":3,"column":25}},"loc":{"start":{"line":3,"column":51},"end":{"line":6,"column":1}},"line":3}},"branchMap":{},"s":{"0":0,"1":0},"f":{"0":0},"b":{}}
,"C:\\Users\\User\\Projects\\employee-management-app\\src\\store\\actions\\employeeActions.ts": {"path":"C:\\Users\\User\\Projects\\employee-management-app\\src\\store\\actions\\employeeActions.ts","statementMap":{"0":{"start":{"line":13,"column":30},"end":{"line":20,"column":1}},"1":{"start":{"line":13,"column":63},"end":{"line":20,"column":1}},"2":{"start":{"line":14,"column":2},"end":{"line":19,"column":3}},"3":{"start":{"line":15,"column":22},"end":{"line":15,"column":67}},"4":{"start":{"line":16,"column":4},"end":{"line":16,"column":60}},"5":{"start":{"line":18,"column":4},"end":{"line":18,"column":52}},"6":{"start":{"line":23,"column":2},"end":{"line":30,"column":3}},"7":{"start":{"line":23,"column":35},"end":{"line":30,"column":3}},"8":{"start":{"line":24,"column":4},"end":{"line":29,"column":5}},"9":{"start":{"line":25,"column":31},"end":{"line":25,"column":83}},"10":{"start":{"line":26,"column":6},"end":{"line":26,"column":77}},"11":{"start":{"line":28,"column":6},"end":{"line":28,"column":62}},"12":{"start":{"line":32,"column":27},"end":{"line":39,"column":1}},"13":{"start":{"line":32,"column":51},"end":{"line":39,"column":1}},"14":{"start":{"line":33,"column":2},"end":{"line":38,"column":3}},"15":{"start":{"line":34,"column":24},"end":{"line":34,"column":63}},"16":{"start":{"line":35,"column":4},"end":{"line":35,"column":59}},"17":{"start":{"line":37,"column":4},"end":{"line":37,"column":49}},"18":{"start":{"line":41,"column":30},"end":{"line":48,"column":1}},"19":{"start":{"line":41,"column":54},"end":{"line":48,"column":1}},"20":{"start":{"line":42,"column":2},"end":{"line":47,"column":3}},"21":{"start":{"line":43,"column":28},"end":{"line":43,"column":70}},"22":{"start":{"line":44,"column":4},"end":{"line":44,"column":66}},"23":{"start":{"line":46,"column":4},"end":{"line":46,"column":52}},"24":{"start":{"line":50,"column":34},"end":{"line":57,"column":1}},"25":{"start":{"line":50,"column":50},"end":{"line":57,"column":1}},"26":{"start":{"line":51,"column":2},"end":{"line":56,"column":3}},"27":{"start":{"line":52,"column":4},"end":{"line":52,"column":45}},"28":{"start":{"line":53,"column":4},"end":{"line":53,"column":58}},"29":{"start":{"line":55,"column":4},"end":{"line":55,"column":57}}},"fnMap":{"0":{"name":"(anonymous_0)","decl":{"start":{"line":13,"column":30},"end":{"line":13,"column":31}},"loc":{"start":{"line":13,"column":63},"end":{"line":20,"column":1}},"line":13},"1":{"name":"(anonymous_1)","decl":{"start":{"line":13,"column":63},"end":{"line":13,"column":64}},"loc":{"start":{"line":13,"column":93},"end":{"line":20,"column":1}},"line":13},"2":{"name":"(anonymous_2)","decl":{"start":{"line":23,"column":2},"end":{"line":23,"column":3}},"loc":{"start":{"line":23,"column":35},"end":{"line":30,"column":3}},"line":23},"3":{"name":"(anonymous_3)","decl":{"start":{"line":23,"column":35},"end":{"line":23,"column":36}},"loc":{"start":{"line":23,"column":65},"end":{"line":30,"column":3}},"line":23},"4":{"name":"(anonymous_4)","decl":{"start":{"line":32,"column":27},"end":{"line":32,"column":28}},"loc":{"start":{"line":32,"column":51},"end":{"line":39,"column":1}},"line":32},"5":{"name":"(anonymous_5)","decl":{"start":{"line":32,"column":51},"end":{"line":32,"column":52}},"loc":{"start":{"line":32,"column":81},"end":{"line":39,"column":1}},"line":32},"6":{"name":"(anonymous_6)","decl":{"start":{"line":41,"column":30},"end":{"line":41,"column":31}},"loc":{"start":{"line":41,"column":54},"end":{"line":48,"column":1}},"line":41},"7":{"name":"(anonymous_7)","decl":{"start":{"line":41,"column":54},"end":{"line":41,"column":55}},"loc":{"start":{"line":41,"column":84},"end":{"line":48,"column":1}},"line":41},"8":{"name":"(anonymous_8)","decl":{"start":{"line":50,"column":34},"end":{"line":50,"column":35}},"loc":{"start":{"line":50,"column":50},"end":{"line":57,"column":1}},"line":50},"9":{"name":"(anonymous_9)","decl":{"start":{"line":50,"column":50},"end":{"line":50,"column":51}},"loc":{"start":{"line":50,"column":80},"end":{"line":57,"column":1}},"line":50}},"branchMap":{},"s":{"0":0,"1":0,"2":0,"3":0,"4":0,"5":0,"6":0,"7":0,"8":0,"9":0,"10":0,"11":0,"12":0,"13":0,"14":0,"15":0,"16":0,"17":0,"18":0,"19":0,"20":0,"21":0,"22":0,"23":0,"24":0,"25":0,"26":0,"27":0,"28":0,"29":0},"f":{"0":0,"1":0,"2":0,"3":0,"4":0,"5":0,"6":0,"7":0,"8":0,"9":0},"b":{}}
,"C:\\Users\\User\\Projects\\employee-management-app\\src\\store\\actions\\types\\employeeActionsTypes.ts": {"path":"C:\\Users\\User\\Projects\\employee-management-app\\src\\store\\actions\\types\\employeeActionsTypes.ts","statementMap":{},"fnMap":{},"branchMap":{},"s":{},"f":{},"b":{}}
,"C:\\Users\\User\\Projects\\employee-management-app\\src\\store\\reducers\\employeeReducer.ts": {"path":"C:\\Users\\User\\Projects\\employee-management-app\\src\\store\\reducers\\employeeReducer.ts","statementMap":{"0":{"start":{"line":18,"column":36},"end":{"line":22,"column":1}},"1":{"start":{"line":24,"column":24},"end":{"line":92,"column":1}},"2":{"start":{"line":25,"column":2},"end":{"line":91,"column":3}},"3":{"start":{"line":27,"column":6},"end":{"line":31,"column":8}},"4":{"start":{"line":33,"column":6},"end":{"line":37,"column":8}},"5":{"start":{"line":39,"column":27},"end":{"line":39,"column":77}},"6":{"start":{"line":40,"column":6},"end":{"line":47,"column":8}},"7":{"start":{"line":49,"column":31},"end":{"line":51,"column":8}},"8":{"start":{"line":50,"column":8},"end":{"line":50,"column":93}},"9":{"start":{"line":53,"column":6},"end":{"line":60,"column":8}},"10":{"start":{"line":62,"column":32},"end":{"line":64,"column":7}},"11":{"start":{"line":63,"column":32},"end":{"line":63,"column":63}},"12":{"start":{"line":67,"column":8},"end":{"line":69,"column":15}},"13":{"start":{"line":68,"column":34},"end":{"line":68,"column":65}},"14":{"start":{"line":71,"column":38},"end":{"line":74,"column":21}},"15":{"start":{"line":75,"column":6},"end":{"line":83,"column":8}},"16":{"start":{"line":85,"column":6},"end":{"line":88,"column":8}},"17":{"start":{"line":90,"column":6},"end":{"line":90,"column":19}}},"fnMap":{"0":{"name":"(anonymous_0)","decl":{"start":{"line":24,"column":24},"end":{"line":24,"column":25}},"loc":{"start":{"line":24,"column":89},"end":{"line":92,"column":1}},"line":24},"1":{"name":"(anonymous_1)","decl":{"start":{"line":49,"column":65},"end":{"line":49,"column":66}},"loc":{"start":{"line":49,"column":89},"end":{"line":51,"column":7}},"line":49},"2":{"name":"(anonymous_2)","decl":{"start":{"line":63,"column":8},"end":{"line":63,"column":9}},"loc":{"start":{"line":63,"column":32},"end":{"line":63,"column":63}},"line":63},"3":{"name":"(anonymous_3)","decl":{"start":{"line":68,"column":10},"end":{"line":68,"column":11}},"loc":{"start":{"line":68,"column":34},"end":{"line":68,"column":65}},"line":68}},"branchMap":{"0":{"loc":{"start":{"line":24,"column":25},"end":{"line":24,"column":45}},"type":"default-arg","locations":[{"start":{"line":24,"column":33},"end":{"line":24,"column":45}}],"line":24},"1":{"loc":{"start":{"line":25,"column":2},"end":{"line":91,"column":3}},"type":"switch","locations":[{"start":{"line":26,"column":4},"end":{"line":31,"column":8}},{"start":{"line":32,"column":4},"end":{"line":37,"column":8}},{"start":{"line":38,"column":4},"end":{"line":47,"column":8}},{"start":{"line":48,"column":4},"end":{"line":60,"column":8}},{"start":{"line":61,"column":4},"end":{"line":83,"column":8}},{"start":{"line":84,"column":4},"end":{"line":88,"column":8}},{"start":{"line":89,"column":4},"end":{"line":90,"column":19}}],"line":25},"2":{"loc":{"start":{"line":50,"column":15},"end":{"line":50,"column":92}},"type":"cond-expr","locations":[{"start":{"line":50,"column":67},"end":{"line":50,"column":81}},{"start":{"line":50,"column":84},"end":{"line":50,"column":92}}],"line":50},"3":{"loc":{"start":{"line":67,"column":8},"end":{"line":69,"column":15}},"type":"binary-expr","locations":[{"start":{"line":67,"column":8},"end":{"line":69,"column":9}},{"start":{"line":69,"column":13},"end":{"line":69,"column":15}}],"line":67}},"s":{"0":0,"1":0,"2":0,"3":0,"4":0,"5":0,"6":0,"7":0,"8":0,"9":0,"10":0,"11":0,"12":0,"13":0,"14":0,"15":0,"16":0,"17":0},"f":{"0":0,"1":0,"2":0,"3":0},"b":{"0":[0],"1":[0,0,0,0,0,0,0],"2":[0,0],"3":[0,0]}}
,"C:\\Users\\User\\Projects\\employee-management-app\\src\\store\\types\\apiErrorTypes.ts": {"path":"C:\\Users\\User\\Projects\\employee-management-app\\src\\store\\types\\apiErrorTypes.ts","statementMap":{"0":{"start":{"line":1,"column":25},"end":{"line":1,"column":36}}},"fnMap":{},"branchMap":{},"s":{"0":0},"f":{},"b":{}}
,"C:\\Users\\User\\Projects\\employee-management-app\\src\\store\\types\\employeeActionsTypes.ts": {"path":"C:\\Users\\User\\Projects\\employee-management-app\\src\\store\\types\\employeeActionsTypes.ts","statementMap":{"0":{"start":{"line":1,"column":31},"end":{"line":1,"column":48}},"1":{"start":{"line":2,"column":39},"end":{"line":2,"column":64}},"2":{"start":{"line":3,"column":28},"end":{"line":3,"column":42}},"3":{"start":{"line":4,"column":31},"end":{"line":4,"column":48}},"4":{"start":{"line":5,"column":36},"end":{"line":5,"column":58}}},"fnMap":{},"branchMap":{},"s":{"0":0,"1":0,"2":0,"3":0,"4":0},"f":{},"b":{}}
,"C:\\Users\\User\\Projects\\employee-management-app\\src\\types\\employee.ts": {"path":"C:\\Users\\User\\Projects\\employee-management-app\\src\\types\\employee.ts","statementMap":{},"fnMap":{},"branchMap":{},"s":{},"f":{},"b":{}}
,"C:\\Users\\User\\Projects\\employee-management-app\\src\\validation\\employeeSchema.ts": {"path":"C:\\Users\\User\\Projects\\employee-management-app\\src\\validation\\employeeSchema.ts","statementMap":{"0":{"start":{"line":3,"column":30},"end":{"line":26,"column":2}}},"fnMap":{},"branchMap":{},"s":{"0":0},"f":{},"b":{}}
}
